2024-02-17 21:59:29,744 - __main__ - INFO - Token value: 69
2024-02-17 21:59:30,669 - __main__ - INFO - Weather in Chicago: -2.14
2024-02-17 22:32:43,310 - __main__ - INFO - Token value: 69
2024-02-17 22:32:43,814 - __main__ - INFO - Weather in Chicago: -2.14
2024-02-17 23:06:34,349 - __main__ - INFO - Token value: 69
2024-02-17 23:06:35,464 - __main__ - INFO - Weather in Chicago: -3.06
2024-02-17 23:32:09,748 - __main__ - INFO - Token value: 69
2024-02-17 23:32:10,097 - __main__ - INFO - Weather in Chicago: -3.06
2024-02-18 00:36:27,998 - __main__ - INFO - Token value: 69
2024-02-18 00:36:28,726 - __main__ - INFO - Weather in Chicago: -4.23
2024-02-18 01:43:19,075 - __main__ - INFO - Token value: 69
2024-02-18 01:43:19,899 - __main__ - INFO - Weather in Chicago: -5.18
2024-02-18 02:16:06,845 - __main__ - INFO - Token value: 69
2024-02-18 02:16:07,042 - __main__ - INFO - Weather in Chicago: -5.18
2024-02-18 02:33:15,719 - __main__ - INFO - Token value: 69
2024-02-18 02:33:16,273 - __main__ - INFO - Weather in Chicago: -5.18
2024-02-18 03:07:38,684 - __main__ - INFO - Token value: 69
2024-02-18 03:07:39,566 - __main__ - INFO - Weather in Chicago: -5.36
2024-02-18 03:33:44,407 - __main__ - INFO - Token value: 69
2024-02-18 03:33:44,942 - __main__ - INFO - Weather in Chicago: -5.36
2024-02-18 04:08:25,483 - __main__ - INFO - Token value: 69
2024-02-18 04:08:26,173 - __main__ - INFO - Weather in Chicago: -5.22
2024-02-18 04:32:16,468 - __main__ - INFO - Token value: 69
2024-02-18 04:32:17,033 - __main__ - INFO - Weather in Chicago: -5.22
2024-02-18 05:06:58,134 - __main__ - INFO - Token value: 69
2024-02-18 05:06:58,472 - __main__ - INFO - Weather in Chicago: -5.22
2024-02-18 05:32:02,816 - __main__ - INFO - Token value: 69
2024-02-18 05:32:03,866 - __main__ - INFO - Weather in Chicago: -5.11
2024-02-18 06:09:41,039 - __main__ - INFO - Token value: 69
2024-02-18 06:09:41,662 - __main__ - INFO - Weather in Chicago: -5.11
2024-02-18 06:32:05,493 - __main__ - INFO - Token value: 69
2024-02-18 06:32:06,224 - __main__ - INFO - Weather in Chicago: -4.82
2024-02-18 07:08:15,291 - __main__ - INFO - Token value: 69
2024-02-18 07:08:15,559 - __main__ - INFO - Weather in Chicago: -4.82
2024-02-18 07:32:04,114 - __main__ - INFO - Token value: 69
2024-02-18 07:32:04,395 - __main__ - INFO - Weather in Chicago: -4.82
2024-02-18 08:09:42,434 - __main__ - INFO - Token value: 69
2024-02-18 08:09:43,364 - __main__ - INFO - Weather in Chicago: -4.68
2024-02-18 08:33:13,583 - __main__ - INFO - Token value: 69
2024-02-18 08:33:13,832 - __main__ - INFO - Weather in Chicago: -4.68
2024-02-18 09:07:04,754 - __main__ - INFO - Token value: 69
2024-02-18 09:07:04,955 - __main__ - INFO - Weather in Chicago: -4.68
2024-02-18 09:32:21,223 - __main__ - INFO - Token value: 69
2024-02-18 09:32:22,084 - __main__ - INFO - Weather in Chicago: -4.36
2024-02-18 10:08:11,626 - __main__ - INFO - Token value: 69
2024-02-18 10:08:11,898 - __main__ - INFO - Weather in Chicago: -4.36
2024-02-18 10:32:02,358 - __main__ - INFO - Token value: 69
2024-02-18 10:32:02,893 - __main__ - INFO - Weather in Chicago: -4.36
2024-02-18 11:05:48,922 - __main__ - INFO - Token value: 69
2024-02-18 11:05:49,747 - __main__ - INFO - Weather in Chicago: -4.09
2024-02-18 11:32:05,596 - __main__ - INFO - Token value: 69
2024-02-18 11:32:05,868 - __main__ - INFO - Weather in Chicago: -4.09
2024-02-18 12:11:34,026 - __main__ - INFO - Token value: 69
2024-02-18 12:11:34,986 - __main__ - INFO - Weather in Chicago: -3.92
2024-02-18 12:41:54,599 - __main__ - INFO - Token value: 69
2024-02-18 12:41:55,329 - __main__ - INFO - Weather in Chicago: -3.92
2024-02-18 13:07:15,651 - __main__ - INFO - Token value: 69
2024-02-18 13:07:16,107 - __main__ - INFO - Weather in Chicago: -3.92
2024-02-18 13:32:00,341 - __main__ - INFO - Token value: 69
2024-02-18 13:32:01,315 - __main__ - INFO - Weather in Chicago: -3.67
2024-02-18 14:06:14,736 - __main__ - INFO - Token value: 69
2024-02-18 14:06:15,760 - __main__ - INFO - Weather in Chicago: -2.57
2024-02-18 14:32:16,919 - __main__ - INFO - Token value: 69
2024-02-18 14:32:17,242 - __main__ - INFO - Weather in Chicago: -2.57
2024-02-18 09:06:36  - __main__ - INFO - Token value: 69
2024-02-18 09:06:37  - __main__ - INFO - Weather in Chicago: -0.57
2024-02-18 09:32:01  - __main__ - INFO - Token value: 69
2024-02-18 09:32:02  - __main__ - INFO - Weather in Chicago: -0.57
2024-02-18 10:07:40  - __main__ - INFO - Token value: 69
2024-02-18 10:07:41  - __main__ - INFO - Weather in Chicago: 1.46
2024-02-18 10:33:59  - __main__ - INFO - Token value: 69
2024-02-18 10:33:59  - __main__ - INFO - Weather in Chicago: 1.46
2024-02-18 11:05:46  - __main__ - INFO - Token value: 69
2024-02-18 11:05:46  - __main__ - INFO - Weather in Chicago: 1.46
2024-02-18 11:32:00  - __main__ - INFO - Token value: 69
2024-02-18 11:32:01  - __main__ - INFO - Weather in Chicago: 3.97
2024-02-18 12:08:21  - __main__ - INFO - Token value: 69
2024-02-18 12:08:22  - __main__ - INFO - Weather in Chicago: 3.97
2024-02-18 12:32:21  - __main__ - INFO - Token value: 69
2024-02-18 12:32:22  - __main__ - INFO - Weather in Chicago: 5.15
2024-02-18 13:05:33  - __main__ - INFO - Token value: 69
2024-02-18 13:05:33  - __main__ - INFO - Weather in Chicago: 5.15
2024-02-18 13:32:11  - __main__ - INFO - Token value: 69
2024-02-18 13:32:11  - __main__ - INFO - Weather in Chicago: 5.15
2024-02-18 14:07:55  - __main__ - INFO - Token value: 69
2024-02-18 14:07:56  - __main__ - INFO - Weather in Chicago: 6.89
2024-02-18 14:32:16  - __main__ - INFO - Token value: 69
2024-02-18 14:32:16  - __main__ - INFO - Weather in Chicago: 6.89
2024-02-18 15:06:04  - __main__ - INFO - Token value: 69
2024-02-18 15:06:04  - __main__ - INFO - Weather in Chicago: 6.89
2024-02-18 15:32:10  - __main__ - INFO - Token value: 69
2024-02-18 15:32:11  - __main__ - INFO - Weather in Chicago: 7.34
2024-02-18 16:06:40  - __main__ - INFO - Token value: 69
2024-02-18 16:06:40  - __main__ - INFO - Weather in Chicago: 7.34
2024-02-18 16:31:53  - __main__ - INFO - Token value: 69
2024-02-18 16:31:53  - __main__ - INFO - Weather in Chicago: 7.34
2024-02-18 17:06:54  - __main__ - INFO - Token value: 69
2024-02-18 17:06:54  - __main__ - INFO - Weather in Chicago: 6.23
2024-02-18 17:32:18  - __main__ - INFO - Token value: 69
2024-02-18 17:32:18  - __main__ - INFO - Weather in Chicago: 6.23
2024-02-18 18:35:34  - __main__ - INFO - Token value: 69
2024-02-18 18:35:35  - __main__ - INFO - Weather in Chicago: 3.96
2024-02-18 19:41:16  - __main__ - INFO - Token value: 69
2024-02-18 19:41:17  - __main__ - INFO - Weather in Chicago: 2.4
2024-02-18 20:15:53  - __main__ - INFO - Token value: 69
2024-02-18 20:15:53  - __main__ - INFO - Weather in Chicago: 2.4
2024-02-18 20:32:44  - __main__ - INFO - Token value: 69
2024-02-18 20:32:44  - __main__ - INFO - Weather in Chicago: 2.4
2024-02-18 21:08:32  - __main__ - INFO - Token value: 69
2024-02-18 21:08:33  - __main__ - INFO - Weather in Chicago: 0.73
2024-02-18 21:32:21  - __main__ - INFO - Token value: 69
2024-02-18 21:32:21  - __main__ - INFO - Weather in Chicago: 0.73
2024-02-18 22:09:05  - __main__ - INFO - Token value: 69
2024-02-18 22:09:05  - __main__ - INFO - Weather in Chicago: 0.06
2024-02-18 22:32:09  - __main__ - INFO - Token value: 69
2024-02-18 22:32:09  - __main__ - INFO - Weather in Chicago: 0.06
2024-02-18 23:07:50  - __main__ - INFO - Token value: 69
2024-02-18 23:07:50  - __main__ - INFO - Weather in Chicago: 0.06
2024-02-18 23:32:00  - __main__ - INFO - Token value: 69
2024-02-18 23:32:01  - __main__ - INFO - Weather in Chicago: -0.45
2024-02-19 00:10:46  - __main__ - INFO - Token value: 69
2024-02-19 00:10:46  - __main__ - INFO - Weather in Chicago: -0.45
2024-02-19 00:33:18  - __main__ - INFO - Token value: 69
2024-02-19 00:33:19  - __main__ - INFO - Weather in Chicago: -0.17
2024-02-19 01:08:52  - __main__ - INFO - Token value: 69
2024-02-19 01:08:52  - __main__ - INFO - Weather in Chicago: -0.17
2024-02-19 01:32:19  - __main__ - INFO - Token value: 69
2024-02-19 01:32:20  - __main__ - INFO - Weather in Chicago: -0.17
2024-02-19 02:10:24  - __main__ - INFO - Token value: 69
2024-02-19 02:10:25  - __main__ - INFO - Weather in Chicago: -0.79
2024-02-19 02:32:38  - __main__ - INFO - Token value: 69
2024-02-19 02:32:38  - __main__ - INFO - Weather in Chicago: -0.79
2024-02-19 03:08:17  - __main__ - INFO - Token value: 69
2024-02-19 03:08:18  - __main__ - INFO - Weather in Chicago: -0.79
2024-02-19 03:32:32  - __main__ - INFO - Token value: 69
2024-02-19 03:32:33  - __main__ - INFO - Weather in Chicago: -1.3
2024-02-19 04:08:33  - __main__ - INFO - Token value: 69
2024-02-19 04:08:33  - __main__ - INFO - Weather in Chicago: -1.3
2024-02-19 04:32:52  - __main__ - INFO - Token value: 69
2024-02-19 04:32:52  - __main__ - INFO - Weather in Chicago: -1.77
2024-02-19 05:06:14  - __main__ - INFO - Token value: 69
2024-02-19 05:06:14  - __main__ - INFO - Weather in Chicago: -1.77
2024-02-19 05:32:17  - __main__ - INFO - Token value: 69
2024-02-19 05:32:18  - __main__ - INFO - Weather in Chicago: -1.77
2024-02-19 06:13:20  - __main__ - INFO - Token value: 69
2024-02-19 06:13:21  - __main__ - INFO - Weather in Chicago: -2.2
2024-02-19 06:44:57  - __main__ - INFO - Token value: 69
2024-02-19 06:44:57  - __main__ - INFO - Weather in Chicago: -2.2
2024-02-19 07:07:32  - __main__ - INFO - Token value: 69
2024-02-19 07:07:32  - __main__ - INFO - Weather in Chicago: -2.2
2024-02-19 07:32:16  - __main__ - INFO - Token value: 69
2024-02-19 07:32:17  - __main__ - INFO - Weather in Chicago: -1.93
2024-02-19 08:07:59  - __main__ - INFO - Token value: 69
2024-02-19 08:08:00  - __main__ - INFO - Weather in Chicago: -1.93
2024-02-19 08:32:03  - __main__ - INFO - Token value: 69
2024-02-19 08:32:04  - __main__ - INFO - Weather in Chicago: -1.93
2024-02-19 09:07:59  - __main__ - INFO - Token value: 69
2024-02-19 09:08:00  - __main__ - INFO - Weather in Chicago: 1.22
2024-02-19 09:33:22  - __main__ - INFO - Token value: 69
2024-02-19 09:33:23  - __main__ - INFO - Weather in Chicago: 1.22
